<?xml version="1.0" encoding="UTF-8"?>
<coverage generated="1582131099715" clover="3.2.0">
  <project timestamp="1582131099716" name="All files">
    <metrics statements="7" coveredstatements="5" conditionals="0" coveredconditionals="0" methods="5" coveredmethods="3" elements="12" coveredelements="8" complexity="0" loc="7" ncloc="7" packages="1" files="1" classes="1"/>
    <file name="Utils.js" path="/Users/abhiagarwal/Desktop/burrow/graphcms-image/src/Utils.js">
      <metrics statements="7" coveredstatements="5" conditionals="0" coveredconditionals="0" methods="5" coveredmethods="3"/>
      <line num="2" count="1" type="stmt"/>
      <line num="11" count="1" type="stmt"/>
      <line num="12" count="0" type="stmt"/>
      <line num="15" count="0" type="stmt"/>
      <line num="21" count="1" type="stmt"/>
      <line num="22" count="6" type="stmt"/>
      <line num="25" count="1" type="stmt"/>
    </file>
  </project>
</coverage>
