{"/Users/abhiagarwal/Desktop/burrow/graphcms-image/src/Utils.js": {"path":"/Users/abhiagarwal/Desktop/burrow/graphcms-image/src/Utils.js","statementMap":{"0":{"start":{"line":2,"column":24},"end":{"line":9,"column":1}},"1":{"start":{"line":2,"column":32},"end":{"line":9,"column":1}},"2":{"start":{"line":11,"column":15},"end":{"line":19,"column":16}},"3":{"start":{"line":12,"column":2},"end":{"line":19,"column":16}},"4":{"start":{"line":15,"column":8},"end":{"line":17,"column":33}},"5":{"start":{"line":21,"column":18},"end":{"line":26,"column":1}},"6":{"start":{"line":22,"column":16},"end":{"line":22,"column":70}},"7":{"start":{"line":22,"column":57},"end":{"line":22,"column":69}},"8":{"start":{"line":25,"column":2},"end":{"line":25,"column":26}}},"fnMap":{"0":{"name":"(anonymous_0)","decl":{"start":{"line":2,"column":24},"end":{"line":2,"column":25}},"loc":{"start":{"line":2,"column":32},"end":{"line":9,"column":1}},"line":2},"1":{"name":"(anonymous_1)","decl":{"start":{"line":11,"column":15},"end":{"line":11,"column":16}},"loc":{"start":{"line":12,"column":2},"end":{"line":19,"column":16}},"line":12},"2":{"name":"(anonymous_2)","decl":{"start":{"line":14,"column":6},"end":{"line":14,"column":7}},"loc":{"start":{"line":15,"column":8},"end":{"line":17,"column":33}},"line":15},"3":{"name":"(anonymous_3)","decl":{"start":{"line":21,"column":18},"end":{"line":21,"column":19}},"loc":{"start":{"line":21,"column":39},"end":{"line":26,"column":1}},"line":21},"4":{"name":"(anonymous_4)","decl":{"start":{"line":22,"column":49},"end":{"line":22,"column":50}},"loc":{"start":{"line":22,"column":57},"end":{"line":22,"column":69}},"line":22}},"branchMap":{},"s":{"0":1,"1":1,"2":1,"3":0,"4":0,"5":1,"6":1,"7":6,"8":1},"f":{"0":1,"1":0,"2":0,"3":1,"4":6},"b":{},"_coverageSchema":"1a1c01bbd47fc00a2c39e90264f33305004495a9","hash":"ee60c774ba8fe0c827623051feb546b7a29e5448"}
}
